2023/10/19 13:25:45 [notice] 1#1: using the "epoll" event method
2023/10/19 13:25:45 [notice] 1#1: nginx/1.25.2
2023/10/19 13:25:45 [notice] 1#1: built by gcc 12.2.0 (Debian 12.2.0-14) 
2023/10/19 13:25:45 [notice] 1#1: OS: Linux 6.2.0-34-generic
2023/10/19 13:25:45 [notice] 1#1: getrlimit(RLIMIT_NOFILE): 1048576:1048576
2023/10/19 13:25:45 [notice] 1#1: start worker processes
2023/10/19 13:25:45 [notice] 1#1: start worker process 29
2023/10/19 13:25:45 [notice] 1#1: start worker process 30
2023/10/19 13:25:45 [notice] 1#1: start worker process 31
2023/10/19 13:25:45 [notice] 1#1: start worker process 32
2023/10/19 13:44:40 [notice] 1#1: signal 3 (SIGQUIT) received, shutting down
2023/10/19 13:44:40 [notice] 29#29: gracefully shutting down
2023/10/19 13:44:40 [notice] 30#30: gracefully shutting down
2023/10/19 13:44:40 [notice] 32#32: gracefully shutting down
2023/10/19 13:44:40 [notice] 32#32: exiting
2023/10/19 13:44:40 [notice] 30#30: exiting
2023/10/19 13:44:40 [notice] 29#29: exiting
2023/10/19 13:44:40 [notice] 31#31: gracefully shutting down
2023/10/19 13:44:40 [notice] 31#31: exiting
2023/10/19 13:44:40 [notice] 29#29: exit
2023/10/19 13:44:40 [notice] 32#32: exit
2023/10/19 13:44:40 [notice] 30#30: exit
2023/10/19 13:44:40 [notice] 31#31: exit
2023/10/19 13:44:40 [notice] 1#1: signal 17 (SIGCHLD) received from 30
2023/10/19 13:44:40 [notice] 1#1: worker process 30 exited with code 0
2023/10/19 13:44:40 [notice] 1#1: worker process 29 exited with code 0
2023/10/19 13:44:40 [notice] 1#1: signal 29 (SIGIO) received
2023/10/19 13:44:40 [notice] 1#1: signal 17 (SIGCHLD) received from 29
2023/10/19 13:44:40 [notice] 1#1: signal 17 (SIGCHLD) received from 32
2023/10/19 13:44:40 [notice] 1#1: worker process 32 exited with code 0
2023/10/19 13:44:40 [notice] 1#1: signal 17 (SIGCHLD) received from 31
2023/10/19 13:44:40 [notice] 1#1: worker process 31 exited with code 0
2023/10/19 13:44:40 [notice] 1#1: exit
2023/10/19 13:44:46 [notice] 1#1: using the "epoll" event method
2023/10/19 13:44:46 [notice] 1#1: nginx/1.25.2
2023/10/19 13:44:46 [notice] 1#1: built by gcc 12.2.0 (Debian 12.2.0-14) 
2023/10/19 13:44:46 [notice] 1#1: OS: Linux 6.2.0-34-generic
2023/10/19 13:44:46 [notice] 1#1: getrlimit(RLIMIT_NOFILE): 1048576:1048576
2023/10/19 13:44:46 [notice] 1#1: start worker processes
2023/10/19 13:44:46 [notice] 1#1: start worker process 29
2023/10/19 13:44:46 [notice] 1#1: start worker process 30
2023/10/19 13:44:46 [notice] 1#1: start worker process 31
2023/10/19 13:44:46 [notice] 1#1: start worker process 32
2023/10/19 13:47:34 [notice] 1#1: signal 3 (SIGQUIT) received, shutting down
2023/10/19 13:47:34 [notice] 30#30: gracefully shutting down
2023/10/19 13:47:34 [notice] 29#29: gracefully shutting down
2023/10/19 13:47:34 [notice] 32#32: gracefully shutting down
2023/10/19 13:47:34 [notice] 31#31: gracefully shutting down
2023/10/19 13:47:34 [notice] 29#29: exiting
2023/10/19 13:47:34 [notice] 31#31: exiting
2023/10/19 13:47:34 [notice] 32#32: exiting
2023/10/19 13:47:34 [notice] 30#30: exiting
2023/10/19 13:47:34 [notice] 29#29: exit
2023/10/19 13:47:34 [notice] 32#32: exit
2023/10/19 13:47:34 [notice] 31#31: exit
2023/10/19 13:47:34 [notice] 30#30: exit
2023/10/19 13:47:34 [notice] 1#1: signal 17 (SIGCHLD) received from 31
2023/10/19 13:47:34 [notice] 1#1: worker process 31 exited with code 0
2023/10/19 13:47:34 [notice] 1#1: signal 29 (SIGIO) received
2023/10/19 13:47:34 [notice] 1#1: signal 17 (SIGCHLD) received from 32
2023/10/19 13:47:34 [notice] 1#1: worker process 32 exited with code 0
2023/10/19 13:47:34 [notice] 1#1: signal 29 (SIGIO) received
2023/10/19 13:47:34 [notice] 1#1: signal 17 (SIGCHLD) received from 29
2023/10/19 13:47:34 [notice] 1#1: worker process 29 exited with code 0
2023/10/19 13:47:34 [notice] 1#1: signal 29 (SIGIO) received
2023/10/19 13:47:34 [notice] 1#1: signal 17 (SIGCHLD) received from 30
2023/10/19 13:47:34 [notice] 1#1: worker process 30 exited with code 0
2023/10/19 13:47:34 [notice] 1#1: exit
2023/10/19 13:47:44 [notice] 1#1: using the "epoll" event method
2023/10/19 13:47:44 [notice] 1#1: nginx/1.25.2
2023/10/19 13:47:44 [notice] 1#1: built by gcc 12.2.0 (Debian 12.2.0-14) 
2023/10/19 13:47:44 [notice] 1#1: OS: Linux 6.2.0-34-generic
2023/10/19 13:47:44 [notice] 1#1: getrlimit(RLIMIT_NOFILE): 1048576:1048576
2023/10/19 13:47:44 [notice] 1#1: start worker processes
2023/10/19 13:47:44 [notice] 1#1: start worker process 30
2023/10/19 13:47:44 [notice] 1#1: start worker process 31
2023/10/19 13:47:44 [notice] 1#1: start worker process 32
2023/10/19 13:47:44 [notice] 1#1: start worker process 33
2023/10/19 13:49:01 [notice] 1#1: signal 3 (SIGQUIT) received, shutting down
2023/10/19 13:49:01 [notice] 30#30: gracefully shutting down
2023/10/19 13:49:01 [notice] 32#32: gracefully shutting down
2023/10/19 13:49:01 [notice] 31#31: gracefully shutting down
2023/10/19 13:49:01 [notice] 33#33: gracefully shutting down
2023/10/19 13:49:01 [notice] 32#32: exiting
2023/10/19 13:49:01 [notice] 33#33: exiting
2023/10/19 13:49:01 [notice] 31#31: exiting
2023/10/19 13:49:01 [notice] 30#30: exiting
2023/10/19 13:49:01 [notice] 33#33: exit
2023/10/19 13:49:01 [notice] 30#30: exit
2023/10/19 13:49:01 [notice] 31#31: exit
2023/10/19 13:49:01 [notice] 32#32: exit
2023/10/19 13:49:01 [notice] 1#1: signal 17 (SIGCHLD) received from 31
2023/10/19 13:49:01 [notice] 1#1: worker process 31 exited with code 0
2023/10/19 13:49:01 [notice] 1#1: signal 29 (SIGIO) received
2023/10/19 13:49:01 [notice] 1#1: signal 17 (SIGCHLD) received from 33
2023/10/19 13:49:01 [notice] 1#1: worker process 33 exited with code 0
2023/10/19 13:49:01 [notice] 1#1: signal 29 (SIGIO) received
2023/10/19 13:49:01 [notice] 1#1: signal 17 (SIGCHLD) received from 32
2023/10/19 13:49:01 [notice] 1#1: worker process 32 exited with code 0
2023/10/19 13:49:01 [notice] 1#1: signal 29 (SIGIO) received
2023/10/19 13:49:01 [notice] 1#1: signal 17 (SIGCHLD) received from 30
2023/10/19 13:49:01 [notice] 1#1: worker process 30 exited with code 0
2023/10/19 13:49:01 [notice] 1#1: exit
2023/10/20 07:41:08 [notice] 1#1: using the "epoll" event method
2023/10/20 07:41:08 [notice] 1#1: nginx/1.25.2
2023/10/20 07:41:08 [notice] 1#1: built by gcc 12.2.0 (Debian 12.2.0-14) 
2023/10/20 07:41:08 [notice] 1#1: OS: Linux 6.2.0-34-generic
2023/10/20 07:41:08 [notice] 1#1: getrlimit(RLIMIT_NOFILE): 1048576:1048576
2023/10/20 07:41:08 [notice] 1#1: start worker processes
2023/10/20 07:41:08 [notice] 1#1: start worker process 22
2023/10/20 07:41:08 [notice] 1#1: start worker process 23
2023/10/20 07:41:08 [notice] 1#1: start worker process 24
2023/10/20 07:41:08 [notice] 1#1: start worker process 25
2023/10/20 07:48:01 [notice] 1#1: signal 3 (SIGQUIT) received, shutting down
2023/10/20 07:48:01 [notice] 25#25: gracefully shutting down
2023/10/20 07:48:01 [notice] 24#24: gracefully shutting down
2023/10/20 07:48:01 [notice] 24#24: exiting
2023/10/20 07:48:01 [notice] 25#25: exiting
2023/10/20 07:48:01 [notice] 23#23: gracefully shutting down
2023/10/20 07:48:01 [notice] 23#23: exiting
2023/10/20 07:48:01 [notice] 22#22: gracefully shutting down
2023/10/20 07:48:01 [notice] 22#22: exiting
2023/10/20 07:48:01 [notice] 23#23: exit
2023/10/20 07:48:01 [notice] 22#22: exit
2023/10/20 07:48:01 [notice] 24#24: exit
2023/10/20 07:48:01 [notice] 25#25: exit
2023/10/20 07:48:01 [notice] 1#1: signal 17 (SIGCHLD) received from 23
2023/10/20 07:48:01 [notice] 1#1: worker process 23 exited with code 0
2023/10/20 07:48:01 [notice] 1#1: signal 29 (SIGIO) received
2023/10/20 07:48:01 [notice] 1#1: signal 17 (SIGCHLD) received from 25
2023/10/20 07:48:01 [notice] 1#1: worker process 22 exited with code 0
2023/10/20 07:48:01 [notice] 1#1: worker process 25 exited with code 0
2023/10/20 07:48:01 [notice] 1#1: signal 29 (SIGIO) received
2023/10/20 07:48:01 [notice] 1#1: signal 17 (SIGCHLD) received from 22
2023/10/20 07:48:01 [notice] 1#1: signal 17 (SIGCHLD) received from 24
2023/10/20 07:48:01 [notice] 1#1: worker process 24 exited with code 0
2023/10/20 07:48:01 [notice] 1#1: exit
2023/10/20 07:58:16 [notice] 1#1: using the "epoll" event method
2023/10/20 07:58:16 [notice] 1#1: nginx/1.25.2
2023/10/20 07:58:16 [notice] 1#1: built by gcc 12.2.0 (Debian 12.2.0-14) 
2023/10/20 07:58:16 [notice] 1#1: OS: Linux 6.2.0-34-generic
2023/10/20 07:58:16 [notice] 1#1: getrlimit(RLIMIT_NOFILE): 1048576:1048576
2023/10/20 07:58:16 [notice] 1#1: start worker processes
2023/10/20 07:58:16 [notice] 1#1: start worker process 29
2023/10/20 07:58:16 [notice] 1#1: start worker process 30
2023/10/20 07:58:16 [notice] 1#1: start worker process 31
2023/10/20 07:58:16 [notice] 1#1: start worker process 32
2023/10/20 08:00:06 [notice] 1#1: signal 3 (SIGQUIT) received, shutting down
2023/10/20 08:00:06 [notice] 29#29: gracefully shutting down
2023/10/20 08:00:06 [notice] 30#30: gracefully shutting down
2023/10/20 08:00:06 [notice] 31#31: gracefully shutting down
2023/10/20 08:00:06 [notice] 31#31: exiting
2023/10/20 08:00:06 [notice] 32#32: gracefully shutting down
2023/10/20 08:00:06 [notice] 30#30: exiting
2023/10/20 08:00:06 [notice] 32#32: exiting
2023/10/20 08:00:06 [notice] 29#29: exiting
2023/10/20 08:00:06 [notice] 29#29: exit
2023/10/20 08:00:06 [notice] 32#32: exit
2023/10/20 08:00:06 [notice] 31#31: exit
2023/10/20 08:00:06 [notice] 30#30: exit
2023/10/20 08:00:07 [notice] 1#1: signal 17 (SIGCHLD) received from 31
2023/10/20 08:00:07 [notice] 1#1: worker process 31 exited with code 0
2023/10/20 08:00:07 [notice] 1#1: signal 29 (SIGIO) received
2023/10/20 08:00:07 [notice] 1#1: signal 17 (SIGCHLD) received from 29
2023/10/20 08:00:07 [notice] 1#1: worker process 29 exited with code 0
2023/10/20 08:00:07 [notice] 1#1: worker process 30 exited with code 0
2023/10/20 08:00:07 [notice] 1#1: worker process 32 exited with code 0
2023/10/20 08:00:07 [notice] 1#1: exit
2023/10/20 08:07:17 [notice] 1#1: using the "epoll" event method
2023/10/20 08:07:17 [notice] 1#1: nginx/1.25.2
2023/10/20 08:07:17 [notice] 1#1: built by gcc 12.2.0 (Debian 12.2.0-14) 
2023/10/20 08:07:17 [notice] 1#1: OS: Linux 6.2.0-34-generic
2023/10/20 08:07:17 [notice] 1#1: getrlimit(RLIMIT_NOFILE): 1048576:1048576
2023/10/20 08:07:17 [notice] 1#1: start worker processes
2023/10/20 08:07:17 [notice] 1#1: start worker process 29
2023/10/20 08:07:17 [notice] 1#1: start worker process 30
2023/10/20 08:07:17 [notice] 1#1: start worker process 31
2023/10/20 08:07:17 [notice] 1#1: start worker process 32
2023/10/20 09:11:44 [notice] 1#1: signal 3 (SIGQUIT) received, shutting down
2023/10/20 09:11:44 [notice] 32#32: gracefully shutting down
2023/10/20 09:11:44 [notice] 32#32: exiting
2023/10/20 09:11:44 [notice] 30#30: gracefully shutting down
2023/10/20 09:11:44 [notice] 29#29: gracefully shutting down
2023/10/20 09:11:44 [notice] 32#32: exit
2023/10/20 09:11:44 [notice] 30#30: exiting
2023/10/20 09:11:44 [notice] 31#31: gracefully shutting down
2023/10/20 09:11:44 [notice] 29#29: exiting
2023/10/20 09:11:44 [notice] 30#30: exit
2023/10/20 09:11:44 [notice] 31#31: exiting
2023/10/20 09:11:44 [notice] 29#29: exit
2023/10/20 09:11:44 [notice] 31#31: exit
2023/10/20 09:11:44 [notice] 1#1: signal 17 (SIGCHLD) received from 32
2023/10/20 09:11:44 [notice] 1#1: worker process 32 exited with code 0
2023/10/20 09:11:44 [notice] 1#1: signal 29 (SIGIO) received
2023/10/20 09:11:44 [notice] 1#1: signal 17 (SIGCHLD) received from 30
2023/10/20 09:11:44 [notice] 1#1: worker process 30 exited with code 0
2023/10/20 09:11:44 [notice] 1#1: signal 29 (SIGIO) received
2023/10/20 09:11:44 [notice] 1#1: signal 17 (SIGCHLD) received from 29
2023/10/20 09:11:44 [notice] 1#1: worker process 29 exited with code 0
2023/10/20 09:11:44 [notice] 1#1: signal 17 (SIGCHLD) received from 31
2023/10/20 09:11:44 [notice] 1#1: worker process 31 exited with code 0
2023/10/20 09:11:44 [notice] 1#1: exit
2023/10/20 09:25:35 [notice] 1#1: using the "epoll" event method
2023/10/20 09:25:35 [notice] 1#1: nginx/1.25.2
2023/10/20 09:25:35 [notice] 1#1: built by gcc 12.2.0 (Debian 12.2.0-14) 
2023/10/20 09:25:35 [notice] 1#1: OS: Linux 6.2.0-34-generic
2023/10/20 09:25:35 [notice] 1#1: getrlimit(RLIMIT_NOFILE): 1048576:1048576
2023/10/20 09:25:35 [notice] 1#1: start worker processes
2023/10/20 09:25:35 [notice] 1#1: start worker process 29
2023/10/20 09:25:35 [notice] 1#1: start worker process 30
2023/10/20 09:25:35 [notice] 1#1: start worker process 31
2023/10/20 09:25:35 [notice] 1#1: start worker process 32
2023/10/20 13:20:38 [notice] 1#1: signal 3 (SIGQUIT) received, shutting down
2023/10/20 13:20:38 [notice] 31#31: gracefully shutting down
2023/10/20 13:20:38 [notice] 31#31: exiting
2023/10/20 13:20:38 [notice] 32#32: gracefully shutting down
2023/10/20 13:20:38 [notice] 32#32: exiting
2023/10/20 13:20:38 [notice] 30#30: gracefully shutting down
2023/10/20 13:20:38 [notice] 29#29: gracefully shutting down
2023/10/20 13:20:38 [notice] 30#30: exiting
2023/10/20 13:20:38 [notice] 31#31: exit
2023/10/20 13:20:38 [notice] 32#32: exit
2023/10/20 13:20:38 [notice] 30#30: exit
2023/10/20 13:20:38 [notice] 29#29: exiting
2023/10/20 13:20:38 [notice] 29#29: exit
2023/10/20 13:20:38 [notice] 1#1: signal 17 (SIGCHLD) received from 29
2023/10/20 13:20:38 [notice] 1#1: worker process 29 exited with code 0
2023/10/20 13:20:38 [notice] 1#1: worker process 30 exited with code 0
2023/10/20 13:20:38 [notice] 1#1: worker process 31 exited with code 0
2023/10/20 13:20:38 [notice] 1#1: worker process 32 exited with code 0
2023/10/20 13:20:38 [notice] 1#1: exit
2023/10/20 13:20:49 [notice] 1#1: using the "epoll" event method
2023/10/20 13:20:49 [notice] 1#1: nginx/1.25.2
2023/10/20 13:20:49 [notice] 1#1: built by gcc 12.2.0 (Debian 12.2.0-14) 
2023/10/20 13:20:49 [notice] 1#1: OS: Linux 6.2.0-34-generic
2023/10/20 13:20:49 [notice] 1#1: getrlimit(RLIMIT_NOFILE): 1048576:1048576
2023/10/20 13:20:49 [notice] 1#1: start worker processes
2023/10/20 13:20:49 [notice] 1#1: start worker process 29
2023/10/20 13:20:49 [notice] 1#1: start worker process 30
2023/10/20 13:20:49 [notice] 1#1: start worker process 31
2023/10/20 13:20:49 [notice] 1#1: start worker process 32
2023/10/20 13:28:30 [notice] 1#1: signal 3 (SIGQUIT) received, shutting down
2023/10/20 13:28:30 [notice] 30#30: gracefully shutting down
2023/10/20 13:28:30 [notice] 29#29: gracefully shutting down
2023/10/20 13:28:30 [notice] 31#31: gracefully shutting down
2023/10/20 13:28:30 [notice] 32#32: gracefully shutting down
2023/10/20 13:28:30 [notice] 29#29: exiting
2023/10/20 13:28:30 [notice] 31#31: exiting
2023/10/20 13:28:30 [notice] 32#32: exiting
2023/10/20 13:28:30 [notice] 30#30: exiting
2023/10/20 13:28:30 [notice] 31#31: exit
2023/10/20 13:28:30 [notice] 30#30: exit
2023/10/20 13:28:30 [notice] 32#32: exit
2023/10/20 13:28:30 [notice] 29#29: exit
2023/10/20 13:28:30 [notice] 1#1: signal 17 (SIGCHLD) received from 29
2023/10/20 13:28:30 [notice] 1#1: worker process 29 exited with code 0
2023/10/20 13:28:30 [notice] 1#1: worker process 31 exited with code 0
2023/10/20 13:28:30 [notice] 1#1: signal 29 (SIGIO) received
2023/10/20 13:28:30 [notice] 1#1: signal 17 (SIGCHLD) received from 32
2023/10/20 13:28:30 [notice] 1#1: worker process 32 exited with code 0
2023/10/20 13:28:30 [notice] 1#1: signal 29 (SIGIO) received
2023/10/20 13:28:30 [notice] 1#1: signal 17 (SIGCHLD) received from 30
2023/10/20 13:28:30 [notice] 1#1: worker process 30 exited with code 0
2023/10/20 13:28:30 [notice] 1#1: exit
2023/10/20 13:28:41 [notice] 1#1: using the "epoll" event method
2023/10/20 13:28:41 [notice] 1#1: nginx/1.25.2
2023/10/20 13:28:41 [notice] 1#1: built by gcc 12.2.0 (Debian 12.2.0-14) 
2023/10/20 13:28:41 [notice] 1#1: OS: Linux 6.2.0-34-generic
2023/10/20 13:28:41 [notice] 1#1: getrlimit(RLIMIT_NOFILE): 1048576:1048576
2023/10/20 13:28:41 [notice] 1#1: start worker processes
2023/10/20 13:28:41 [notice] 1#1: start worker process 29
2023/10/20 13:28:41 [notice] 1#1: start worker process 30
2023/10/20 13:28:41 [notice] 1#1: start worker process 31
2023/10/20 13:28:41 [notice] 1#1: start worker process 32
2023/10/20 13:30:48 [notice] 1#1: signal 3 (SIGQUIT) received, shutting down
2023/10/20 13:30:48 [notice] 29#29: gracefully shutting down
2023/10/20 13:30:48 [notice] 30#30: gracefully shutting down
2023/10/20 13:30:48 [notice] 32#32: gracefully shutting down
2023/10/20 13:30:48 [notice] 32#32: exiting
2023/10/20 13:30:48 [notice] 30#30: exiting
2023/10/20 13:30:48 [notice] 29#29: exiting
2023/10/20 13:30:48 [notice] 31#31: gracefully shutting down
2023/10/20 13:30:48 [notice] 31#31: exiting
2023/10/20 13:30:48 [notice] 29#29: exit
2023/10/20 13:30:48 [notice] 31#31: exit
2023/10/20 13:30:48 [notice] 32#32: exit
2023/10/20 13:30:48 [notice] 30#30: exit
2023/10/20 13:30:48 [notice] 1#1: signal 17 (SIGCHLD) received from 29
2023/10/20 13:30:48 [notice] 1#1: worker process 29 exited with code 0
2023/10/20 13:30:48 [notice] 1#1: worker process 30 exited with code 0
2023/10/20 13:30:48 [notice] 1#1: signal 29 (SIGIO) received
2023/10/20 13:30:48 [notice] 1#1: signal 17 (SIGCHLD) received from 30
2023/10/20 13:30:48 [notice] 1#1: signal 17 (SIGCHLD) received from 31
2023/10/20 13:30:48 [notice] 1#1: worker process 31 exited with code 0
2023/10/20 13:30:48 [notice] 1#1: signal 29 (SIGIO) received
2023/10/20 13:30:48 [notice] 1#1: signal 17 (SIGCHLD) received from 32
2023/10/20 13:30:48 [notice] 1#1: worker process 32 exited with code 0
2023/10/20 13:30:48 [notice] 1#1: exit
2023/10/20 13:31:00 [notice] 1#1: using the "epoll" event method
2023/10/20 13:31:00 [notice] 1#1: nginx/1.25.2
2023/10/20 13:31:00 [notice] 1#1: built by gcc 12.2.0 (Debian 12.2.0-14) 
2023/10/20 13:31:00 [notice] 1#1: OS: Linux 6.2.0-34-generic
2023/10/20 13:31:00 [notice] 1#1: getrlimit(RLIMIT_NOFILE): 1048576:1048576
2023/10/20 13:31:00 [notice] 1#1: start worker processes
2023/10/20 13:31:00 [notice] 1#1: start worker process 29
2023/10/20 13:31:00 [notice] 1#1: start worker process 30
2023/10/20 13:31:00 [notice] 1#1: start worker process 31
2023/10/20 13:31:00 [notice] 1#1: start worker process 32
2023/10/20 13:36:05 [notice] 1#1: signal 3 (SIGQUIT) received, shutting down
2023/10/20 13:36:05 [notice] 31#31: gracefully shutting down
2023/10/20 13:36:05 [notice] 31#31: exiting
2023/10/20 13:36:05 [notice] 29#29: gracefully shutting down
2023/10/20 13:36:05 [notice] 29#29: exiting
2023/10/20 13:36:05 [notice] 32#32: gracefully shutting down
2023/10/20 13:36:05 [notice] 32#32: exiting
2023/10/20 13:36:05 [notice] 30#30: gracefully shutting down
2023/10/20 13:36:05 [notice] 30#30: exiting
2023/10/20 13:36:05 [notice] 32#32: exit
2023/10/20 13:36:05 [notice] 29#29: exit
2023/10/20 13:36:05 [notice] 30#30: exit
2023/10/20 13:36:05 [notice] 31#31: exit
2023/10/20 13:36:05 [notice] 1#1: signal 17 (SIGCHLD) received from 32
2023/10/20 13:36:05 [notice] 1#1: worker process 32 exited with code 0
2023/10/20 13:36:05 [notice] 1#1: signal 29 (SIGIO) received
2023/10/20 13:36:05 [notice] 1#1: signal 17 (SIGCHLD) received from 29
2023/10/20 13:36:05 [notice] 1#1: worker process 29 exited with code 0
2023/10/20 13:36:05 [notice] 1#1: worker process 30 exited with code 0
2023/10/20 13:36:05 [notice] 1#1: worker process 31 exited with code 0
2023/10/20 13:36:05 [notice] 1#1: exit
2023/10/20 13:37:33 [notice] 1#1: using the "epoll" event method
2023/10/20 13:37:33 [notice] 1#1: nginx/1.25.2
2023/10/20 13:37:33 [notice] 1#1: built by gcc 12.2.0 (Debian 12.2.0-14) 
2023/10/20 13:37:33 [notice] 1#1: OS: Linux 6.2.0-34-generic
2023/10/20 13:37:33 [notice] 1#1: getrlimit(RLIMIT_NOFILE): 1048576:1048576
2023/10/20 13:37:33 [notice] 1#1: start worker processes
2023/10/20 13:37:33 [notice] 1#1: start worker process 29
2023/10/20 13:37:33 [notice] 1#1: start worker process 30
2023/10/20 13:37:33 [notice] 1#1: start worker process 31
2023/10/20 13:37:33 [notice] 1#1: start worker process 32
2023/10/20 14:00:37 [notice] 1#1: signal 3 (SIGQUIT) received, shutting down
2023/10/20 14:00:37 [notice] 29#29: gracefully shutting down
2023/10/20 14:00:37 [notice] 29#29: exiting
2023/10/20 14:00:37 [notice] 30#30: gracefully shutting down
2023/10/20 14:00:37 [notice] 30#30: exiting
2023/10/20 14:00:37 [notice] 31#31: gracefully shutting down
2023/10/20 14:00:37 [notice] 31#31: exiting
2023/10/20 14:00:37 [notice] 32#32: gracefully shutting down
2023/10/20 14:00:37 [notice] 32#32: exiting
2023/10/20 14:00:37 [notice] 29#29: exit
2023/10/20 14:00:37 [notice] 30#30: exit
2023/10/20 14:00:37 [notice] 31#31: exit
2023/10/20 14:00:37 [notice] 32#32: exit
2023/10/20 14:00:38 [notice] 1#1: signal 17 (SIGCHLD) received from 29
2023/10/20 14:00:38 [notice] 1#1: worker process 29 exited with code 0
2023/10/20 14:00:38 [notice] 1#1: signal 29 (SIGIO) received
2023/10/20 14:00:38 [notice] 1#1: signal 17 (SIGCHLD) received from 32
2023/10/20 14:00:38 [notice] 1#1: worker process 32 exited with code 0
2023/10/20 14:00:38 [notice] 1#1: signal 29 (SIGIO) received
2023/10/20 14:00:38 [notice] 1#1: signal 17 (SIGCHLD) received from 31
2023/10/20 14:00:38 [notice] 1#1: worker process 31 exited with code 0
2023/10/20 14:00:38 [notice] 1#1: signal 29 (SIGIO) received
2023/10/20 14:00:38 [notice] 1#1: signal 17 (SIGCHLD) received from 30
2023/10/20 14:00:38 [notice] 1#1: worker process 30 exited with code 0
2023/10/20 14:00:38 [notice] 1#1: exit
2023/10/25 09:06:34 [notice] 1#1: using the "epoll" event method
2023/10/25 09:06:34 [notice] 1#1: nginx/1.25.2
2023/10/25 09:06:34 [notice] 1#1: built by gcc 12.2.0 (Debian 12.2.0-14) 
2023/10/25 09:06:34 [notice] 1#1: OS: Linux 6.2.0-35-generic
2023/10/25 09:06:34 [notice] 1#1: getrlimit(RLIMIT_NOFILE): 1048576:1048576
2023/10/25 09:06:34 [notice] 1#1: start worker processes
2023/10/25 09:06:34 [notice] 1#1: start worker process 22
2023/10/25 09:06:34 [notice] 1#1: start worker process 23
2023/10/25 09:06:34 [notice] 1#1: start worker process 24
2023/10/25 09:06:34 [notice] 1#1: start worker process 25
